Arguments: 
  /home/leaf/.nvm/versions/node/v14.18.1/bin/node /usr/share/yarn/bin/yarn.js

PATH: 
  /opt/firefox/firefox:/home/leaf/.nvm/versions/node/v14.18.1/bin:/home/linuxbrew/.linuxbrew/bin:/home/linuxbrew/.linuxbrew/sbin:/home/leaf/.local/bin:/usr/local/sbin:/usr/local/bin:/usr/sbin:/usr/bin:/sbin:/bin:/usr/games:/usr/local/games:/snap/bin:/home/leaf/apache-maven/bin:/usr/local:/usr/local/spark/bin:/opt/confluent/bin:/usr/local/bin:/home/leaf/android-studio-ide-202.7351085-linux/android-studio/bin

Yarn version: 
  1.22.5

Node version: 
  14.18.1

Platform: 
  linux x64

Trace: 
  Error: getaddrinfo ENOTFOUND registry.yarnpkg.com
      at GetAddrInfoReqWrap.onlookup [as oncomplete] (dns.js:71:26)

npm manifest: 
  {
    "name": "eshop",
    "version": "1.0.0",
    "description": "backend of the eshop",
    "main": "app.js",
    "scripts": {
      "start": "nodemon app.js",
      "test": "echo \"Error: no test specified\" && exit 1"
    },
    "author": "",
    "license": "ISC",
    "dependencies": {
      "body-parser": "^1.19.0",
      "cors": "^2.8.5",
      "dotenv": "^8.2.0",
      "express": "^4.17.1",
      "mongoose": "^5.10.19",
      "morgan": "^1.10.0",
      "nodemon": "^2.0.6"
    }
  }

yarn manifest: 
  No manifest

Lockfile: 
  No lockfile
